d:\school\classes\cs-330_computer_graphics_and_visualization\module 6\cs330_assignment_pattison\module_six_assignment_pattison\module_six_assignment_pattison\debug\vc143.pdb
d:\school\classes\cs-330_computer_graphics_and_visualization\module 6\cs330_assignment_pattison\module_six_assignment_pattison\module_six_assignment_pattison\debug\vc143.idb
d:\school\classes\cs-330_computer_graphics_and_visualization\module 6\cs330_assignment_pattison\module_six_assignment_pattison\module_six_assignment_pattison\debug\texture.obj
d:\school\classes\cs-330_computer_graphics_and_visualization\module 6\cs330_assignment_pattison\module_six_assignment_pattison\module_six_assignment_pattison\debug\resizewindow.obj
d:\school\classes\cs-330_computer_graphics_and_visualization\module 6\cs330_assignment_pattison\module_six_assignment_pattison\module_six_assignment_pattison\debug\render.obj
d:\school\classes\cs-330_computer_graphics_and_visualization\module 6\cs330_assignment_pattison\module_six_assignment_pattison\module_six_assignment_pattison\debug\readfile.obj
d:\school\classes\cs-330_computer_graphics_and_visualization\module 6\cs330_assignment_pattison\module_six_assignment_pattison\module_six_assignment_pattison\debug\processinput.obj
d:\school\classes\cs-330_computer_graphics_and_visualization\module 6\cs330_assignment_pattison\module_six_assignment_pattison\module_six_assignment_pattison\debug\mousescrollcallback.obj
d:\school\classes\cs-330_computer_graphics_and_visualization\module 6\cs330_assignment_pattison\module_six_assignment_pattison\module_six_assignment_pattison\debug\mousemovementcallback.obj
d:\school\classes\cs-330_computer_graphics_and_visualization\module 6\cs330_assignment_pattison\module_six_assignment_pattison\module_six_assignment_pattison\debug\mainrenderloop.obj
d:\school\classes\cs-330_computer_graphics_and_visualization\module 6\cs330_assignment_pattison\module_six_assignment_pattison\module_six_assignment_pattison\debug\main.obj
d:\school\classes\cs-330_computer_graphics_and_visualization\module 6\cs330_assignment_pattison\module_six_assignment_pattison\module_six_assignment_pattison\debug\initialize.obj
d:\school\classes\cs-330_computer_graphics_and_visualization\module 6\cs330_assignment_pattison\module_six_assignment_pattison\module_six_assignment_pattison\debug\flipimagevertically.obj
d:\school\classes\cs-330_computer_graphics_and_visualization\module 6\cs330_assignment_pattison\module_six_assignment_pattison\module_six_assignment_pattison\debug\errorcallback.obj
d:\school\classes\cs-330_computer_graphics_and_visualization\module 6\cs330_assignment_pattison\module_six_assignment_pattison\module_six_assignment_pattison\debug\destroytexture.obj
d:\school\classes\cs-330_computer_graphics_and_visualization\module 6\cs330_assignment_pattison\module_six_assignment_pattison\module_six_assignment_pattison\debug\destroyshaderprogram.obj
d:\school\classes\cs-330_computer_graphics_and_visualization\module 6\cs330_assignment_pattison\module_six_assignment_pattison\module_six_assignment_pattison\debug\destroymesh.obj
d:\school\classes\cs-330_computer_graphics_and_visualization\module 6\cs330_assignment_pattison\module_six_assignment_pattison\module_six_assignment_pattison\debug\createtexture.obj
d:\school\classes\cs-330_computer_graphics_and_visualization\module 6\cs330_assignment_pattison\module_six_assignment_pattison\module_six_assignment_pattison\debug\createshaderprogram.obj
d:\school\classes\cs-330_computer_graphics_and_visualization\module 6\cs330_assignment_pattison\module_six_assignment_pattison\module_six_assignment_pattison\debug\createmesh.obj
d:\school\classes\cs-330_computer_graphics_and_visualization\module 6\cs330_assignment_pattison\module_six_assignment_pattison\module_six_assignment_pattison\debug\shader.obj
d:\school\classes\cs-330_computer_graphics_and_visualization\module 6\cs330_assignment_pattison\module_six_assignment_pattison\debug\module_six_assignment_pattison.exe
d:\school\classes\cs-330_computer_graphics_and_visualization\module 6\cs330_assignment_pattison\module_six_assignment_pattison\module_six_assignment_pattison\debug\module_six_assignment_pattison.ilk
d:\school\classes\cs-330_computer_graphics_and_visualization\module 6\cs330_assignment_pattison\module_six_assignment_pattison\debug\module_six_assignment_pattison.pdb
d:\school\classes\cs-330_computer_graphics_and_visualization\module 6\cs330_assignment_pattison\module_six_assignment_pattison\module_six_assignment_pattison\debug\module_s.ba9f492c.tlog\cl.command.1.tlog
d:\school\classes\cs-330_computer_graphics_and_visualization\module 6\cs330_assignment_pattison\module_six_assignment_pattison\module_six_assignment_pattison\debug\module_s.ba9f492c.tlog\cl.read.1.tlog
d:\school\classes\cs-330_computer_graphics_and_visualization\module 6\cs330_assignment_pattison\module_six_assignment_pattison\module_six_assignment_pattison\debug\module_s.ba9f492c.tlog\cl.write.1.tlog
d:\school\classes\cs-330_computer_graphics_and_visualization\module 6\cs330_assignment_pattison\module_six_assignment_pattison\module_six_assignment_pattison\debug\module_s.ba9f492c.tlog\link.command.1.tlog
d:\school\classes\cs-330_computer_graphics_and_visualization\module 6\cs330_assignment_pattison\module_six_assignment_pattison\module_six_assignment_pattison\debug\module_s.ba9f492c.tlog\link.read.1.tlog
d:\school\classes\cs-330_computer_graphics_and_visualization\module 6\cs330_assignment_pattison\module_six_assignment_pattison\module_six_assignment_pattison\debug\module_s.ba9f492c.tlog\link.write.1.tlog
